[    0.000000] Linux version 4.15.0-212-generic (buildd@lcy02-amd64-083) (gcc version 7.5.0 (Ubuntu 7.5.0-3ubuntu1~18.04)) #223-Ubuntu SMP Tue May 23 13:09:22 UTC 2023 (Ubuntu 4.15.0-212.223-generic 4.15.18)
[    0.000000] Command line: BOOT_IMAGE=/boot/vmlinuz-4.15.0-212-generic root=LABEL=cloudimg-rootfs ro console=tty1 console=ttyS0
[    0.000000] KERNEL supported cpus:
[    0.000000]   Intel GenuineIntel
[    0.000000]   AMD AuthenticAMD
[    0.000000]   Centaur CentaurHauls
[    0.000000] x86/fpu: Supporting XSAVE feature 0x001: 'x87 floating point registers'
[    0.000000] x86/fpu: Supporting XSAVE feature 0x002: 'SSE registers'
[    0.000000] x86/fpu: Supporting XSAVE feature 0x004: 'AVX registers'
[    0.000000] x86/fpu: xstate_offset[2]:  576, xstate_sizes[2]:  256
[    0.000000] x86/fpu: Enabled xstate features 0x7, context size is 832 bytes, using 'standard' format.
[    0.000000] e820: BIOS-provided physical RAM map:
[    0.000000] BIOS-e820: [mem 0x0000000000000000-0x000000000009fbff] usable
[    0.000000] BIOS-e820: [mem 0x000000000009fc00-0x000000000009ffff] reserved
[    0.000000] BIOS-e820: [mem 0x00000000000f0000-0x00000000000fffff] reserved
[    0.000000] BIOS-e820: [mem 0x0000000000100000-0x000000003ffeffff] usable
[    0.000000] BIOS-e820: [mem 0x000000003fff0000-0x000000003fffffff] ACPI data
[    0.000000] BIOS-e820: [mem 0x00000000fec00000-0x00000000fec00fff] reserved
[    0.000000] BIOS-e820: [mem 0x00000000fee00000-0x00000000fee00fff] reserved
[    0.000000] BIOS-e820: [mem 0x00000000fffc0000-0x00000000ffffffff] reserved
[    0.000000] NX (Execute Disable) protection: active
[    0.000000] SMBIOS 2.5 present.
[    0.000000] DMI: innotek GmbH VirtualBox/VirtualBox, BIOS VirtualBox 12/01/2006
[    0.000000] Hypervisor detected: KVM
[    0.000000] e820: last_pfn = 0x3fff0 max_arch_pfn = 0x400000000
[    0.000000] MTRR: Disabled
[    0.000000] x86/PAT: MTRRs disabled, skipping PAT initialization too.
[    0.000000] CPU MTRRs all blank - virtualized system.
[    0.000000] x86/PAT: Configuration [0-7]: WB  WT  UC- UC  WB  WT  UC- UC  
[    0.000000] found SMP MP-table at [mem 0x0009fff0-0x0009ffff]
[    0.000000] Scanning 1 areas for low memory corruption
[    0.000000] RAMDISK: [mem 0x359cb000-0x36cdcfff]
[    0.000000] ACPI: Early table checksum verification disabled
[    0.000000] ACPI: RSDP 0x00000000000E0000 000024 (v02 VBOX  )
[    0.000000] ACPI: XSDT 0x000000003FFF0030 00003C (v01 VBOX   VBOXXSDT 00000001 ASL  00000061)
[    0.000000] ACPI: FACP 0x000000003FFF00F0 0000F4 (v04 VBOX   VBOXFACP 00000001 ASL  00000061)
[    0.000000] ACPI: DSDT 0x000000003FFF0470 002325 (v02 VBOX   VBOXBIOS 00000002 INTL 20190509)
[    0.000000] ACPI: FACS 0x000000003FFF0200 000040
[    0.000000] ACPI: FACS 0x000000003FFF0200 000040
[    0.000000] ACPI: APIC 0x000000003FFF0240 000054 (v02 VBOX   VBOXAPIC 00000001 ASL  00000061)
[    0.000000] ACPI: SSDT 0x000000003FFF02A0 0001CC (v01 VBOX   VBOXCPUT 00000002 INTL 20190509)
[    0.000000] ACPI: Reserving FACP table memory at [mem 0x3fff00f0-0x3fff01e3]
[    0.000000] ACPI: Reserving DSDT table memory at [mem 0x3fff0470-0x3fff2794]
[    0.000000] ACPI: Reserving FACS table memory at [mem 0x3fff0200-0x3fff023f]
[    0.000000] ACPI: Reserving FACS table memory at [mem 0x3fff0200-0x3fff023f]
[    0.000000] ACPI: Reserving APIC table memory at [mem 0x3fff0240-0x3fff0293]
[    0.000000] ACPI: Reserving SSDT table memory at [mem 0x3fff02a0-0x3fff046b]
[    0.000000] No NUMA configuration found
[    0.000000] Faking a node at [mem 0x0000000000000000-0x000000003ffeffff]
[    0.000000] NODE_DATA(0) allocated [mem 0x3ffc5000-0x3ffeffff]
[    0.000000] kvm-clock: cpu 0, msr 0:3ff44001, primary cpu clock
[    0.000000] kvm-clock: Using msrs 4b564d01 and 4b564d00
[    0.000000] kvm-clock: using sched offset of 3627731117 cycles
[    0.000000] clocksource: kvm-clock: mask: 0xffffffffffffffff max_cycles: 0x1cd42e4dffb, max_idle_ns: 881590591483 ns
[    0.000000] Zone ranges:
[    0.000000]   DMA      [mem 0x0000000000001000-0x0000000000ffffff]
[    0.000000]   DMA32    [mem 0x0000000001000000-0x000000003ffeffff]
[    0.000000]   Normal   empty
[    0.000000]   Device   empty
[    0.000000] Movable zone start for each node
[    0.000000] Early memory node ranges
[    0.000000]   node   0: [mem 0x0000000000001000-0x000000000009efff]
[    0.000000]   node   0: [mem 0x0000000000100000-0x000000003ffeffff]
[    0.000000] Reserved but unavailable: 104 pages
[    0.000000] Initmem setup node 0 [mem 0x0000000000001000-0x000000003ffeffff]
[    0.000000] ACPI: PM-Timer IO Port: 0x4008
[    0.000000] IOAPIC[0]: apic_id 1, version 32, address 0xfec00000, GSI 0-23
[    0.000000] ACPI: INT_SRC_OVR (bus 0 bus_irq 0 global_irq 2 dfl dfl)
[    0.000000] ACPI: INT_SRC_OVR (bus 0 bus_irq 9 global_irq 9 low level)
[    0.000000] Using ACPI (MADT) for SMP configuration information
[    0.000000] smpboot: Allowing 1 CPUs, 0 hotplug CPUs
[    0.000000] PM: Registered nosave memory: [mem 0x00000000-0x00000fff]
[    0.000000] PM: Registered nosave memory: [mem 0x0009f000-0x0009ffff]
[    0.000000] PM: Registered nosave memory: [mem 0x000a0000-0x000effff]
[    0.000000] PM: Registered nosave memory: [mem 0x000f0000-0x000fffff]
[    0.000000] e820: [mem 0x40000000-0xfebfffff] available for PCI devices
[    0.000000] Booting paravirtualized kernel on KVM
[    0.000000] clocksource: refined-jiffies: mask: 0xffffffff max_cycles: 0xffffffff, max_idle_ns: 7645519600211568 ns
[    0.000000] setup_percpu: NR_CPUS:8192 nr_cpumask_bits:1 nr_cpu_ids:1 nr_node_ids:1
[    0.000000] percpu: Embedded 50 pages/cpu s167936 r8192 d28672 u2097152
[    0.000000] PV qspinlock hash table entries: 256 (order: 0, 4096 bytes)
[    0.000000] Built 1 zonelists, mobility grouping on.  Total pages: 257913
[    0.000000] Policy zone: DMA32
[    0.000000] Kernel command line: BOOT_IMAGE=/boot/vmlinuz-4.15.0-212-generic root=LABEL=cloudimg-rootfs ro console=tty1 console=ttyS0
[    0.000000] Memory: 982844K/1048120K available (12300K kernel code, 2477K rwdata, 4324K rodata, 2480K init, 2720K bss, 65276K reserved, 0K cma-reserved)
[    0.000000] SLUB: HWalign=64, Order=0-3, MinObjects=0, CPUs=1, Nodes=1
[    0.000000] Kernel/User page tables isolation: enabled
[    0.000000] ftrace: allocating 39508 entries in 155 pages
[    0.004000] Hierarchical RCU implementation.
[    0.004000] 	RCU restricting CPUs from NR_CPUS=8192 to nr_cpu_ids=1.
[    0.004000] 	Tasks RCU enabled.
[    0.004000] RCU: Adjusting geometry for rcu_fanout_leaf=16, nr_cpu_ids=1
[    0.004000] NR_IRQS: 524544, nr_irqs: 256, preallocated irqs: 16
[    0.004000] random: crng init done
[    0.004000] Console: colour VGA+ 80x25
[    0.004000] console [tty1] enabled
[    0.004000] console [ttyS0] enabled
[    0.004000] ACPI: Core revision 20170831
[    0.004000] ACPI: 2 ACPI AML tables successfully acquired and loaded
[    0.004000] APIC: Switch to symmetric I/O mode setup
[    0.004000] x2apic enabled
[    0.004000] Switched APIC routing to physical x2apic.
[    0.005243] ..TIMER: vector=0x30 apic1=0 pin1=2 apic2=-1 pin2=-1
[    0.008004] tsc: Detected 2712.002 MHz processor
[    0.012014] Calibrating delay loop (skipped) preset value.. 5424.00 BogoMIPS (lpj=10848008)
[    0.013974] pid_max: default: 32768 minimum: 301
[    0.015159] Security Framework initialized
[    0.016003] Yama: becoming mindful.
[    0.017057] AppArmor: AppArmor initialized
[    0.020056] Dentry cache hash table entries: 131072 (order: 8, 1048576 bytes)
[    0.021810] Inode-cache hash table entries: 65536 (order: 7, 524288 bytes)
[    0.024023] Mount-cache hash table entries: 2048 (order: 2, 16384 bytes)
[    0.025873] Mountpoint-cache hash table entries: 2048 (order: 2, 16384 bytes)
[    0.028489] process: using mwait in idle threads
[    0.029798] Last level iTLB entries: 4KB 64, 2MB 8, 4MB 8
[    0.031270] Last level dTLB entries: 4KB 64, 2MB 0, 4MB 0, 1GB 4
[    0.032007] Spectre V1 : Mitigation: usercopy/swapgs barriers and __user pointer sanitization
[    0.034398] Spectre V2 : Mitigation: Retpolines
[    0.036002] Spectre V2 : Spectre v2 / SpectreRSB mitigation: Filling RSB on context switch
[    0.038097] Spectre V2 : Spectre v2 / SpectreRSB : Filling RSB on VMEXIT
[    0.040002] RETBleed: WARNING: Spectre v2 mitigation leaves CPU vulnerable to RETBleed attacks, data leaks possible!
[    0.042408] RETBleed: Vulnerable
[    0.043281] Speculative Store Bypass: Vulnerable
[    0.044131] MDS: Mitigation: Clear CPU buffers
[    0.045245] MMIO Stale Data: Mitigation: Clear CPU buffers
[    0.046677] SRBDS: Unknown: Dependent on hypervisor status
[    0.069902] Freeing SMP alternatives memory: 36K
[    0.181250] smpboot: CPU0: Intel(R) Core(TM) i5-7300U CPU @ 2.60GHz (family: 0x6, model: 0x8e, stepping: 0x9)
[    0.183829] Performance Events: unsupported p6 CPU model 142 no PMU driver, software events only.
[    0.184042] Hierarchical SRCU implementation.
[    0.185838] NMI watchdog: Perf event create on CPU 0 failed with -2
[    0.188002] NMI watchdog: Perf NMI watchdog permanently disabled
[    0.189710] smp: Bringing up secondary CPUs ...
[    0.191081] smp: Brought up 1 node, 1 CPU
[    0.192002] smpboot: Max logical packages: 1
[    0.193295] smpboot: Total of 1 processors activated (5424.00 BogoMIPS)
[    0.196169] devtmpfs: initialized
[    0.197206] x86/mm: Memory block size: 128MB
[    0.200214] evm: security.selinux
[    0.201417] evm: security.SMACK64
[    0.202434] evm: security.SMACK64EXEC
[    0.203534] evm: security.SMACK64TRANSMUTE
[    0.204006] evm: security.SMACK64MMAP
[    0.205136] evm: security.apparmor
[    0.206934] evm: security.ima
[    0.208005] evm: security.capability
[    0.209225] clocksource: jiffies: mask: 0xffffffff max_cycles: 0xffffffff, max_idle_ns: 7645041785100000 ns
[    0.212014] futex hash table entries: 256 (order: 2, 16384 bytes)
[    0.213712] pinctrl core: initialized pinctrl subsystem
[    0.216026] RTC time: 13:27:01, date: 10/20/23
[    0.217490] NET: Registered protocol family 16
[    0.219029] audit: initializing netlink subsys (disabled)
[    0.220156] cpuidle: using governor ladder
[    0.221371] cpuidle: using governor menu
[    0.222522] ACPI: bus type PCI registered
[    0.224004] acpiphp: ACPI Hot Plug PCI Controller Driver version: 0.5
[    0.226830] audit: type=2000 audit(1697808426.176:1): state=initialized audit_enabled=0 res=1
[    0.228150] PCI: Using configuration type 1 for base access
[    0.233543] HugeTLB registered 2.00 MiB page size, pre-allocated 0 pages
[    0.236994] ACPI: Added _OSI(Module Device)
[    0.240097] ACPI: Added _OSI(Processor Device)
[    0.242122] ACPI: Added _OSI(3.0 _SCP Extensions)
[    0.243717] ACPI: Added _OSI(Processor Aggregator Device)
[    0.244020] ACPI: Added _OSI(Linux-Dell-Video)
[    0.245312] ACPI: Added _OSI(Linux-Lenovo-NV-HDMI-Audio)
[    0.248030] ACPI: Added _OSI(Linux-HPI-Hybrid-Graphics)
[    0.250359] ACPI: Executed 1 blocks of module-level executable AML code
[    0.257494] ACPI: Interpreter enabled
[    0.259073] ACPI: (supports S0 S5)
[    0.260003] ACPI: Using IOAPIC for interrupt routing
[    0.261847] PCI: Using host bridge windows from ACPI; if necessary, use "pci=nocrs" and report a bug
[    0.264238] ACPI: Enabled 2 GPEs in block 00 to 07
[    0.274279] ACPI: PCI Root Bridge [PCI0] (domain 0000 [bus 00-ff])
[    0.276009] acpi PNP0A03:00: _OSC: OS supports [ASPM ClockPM Segments MSI]
[    0.278537] acpi PNP0A03:00: _OSC: not requesting OS control; OS requires [ExtendedConfig ASPM ClockPM MSI]
[    0.280016] acpi PNP0A03:00: fail to add MMCONFIG information, can't access extended PCI configuration space under this bridge.
[    0.284420] PCI host bridge to bus 0000:00
[    0.286495] pci_bus 0000:00: root bus resource [io  0x0000-0x0cf7 window]
[    0.288003] pci_bus 0000:00: root bus resource [io  0x0d00-0xffff window]
[    0.290024] pci_bus 0000:00: root bus resource [mem 0x000a0000-0x000bffff window]
[    0.292004] pci_bus 0000:00: root bus resource [mem 0x40000000-0xfdffffff window]
[    0.293859] pci_bus 0000:00: root bus resource [bus 00-ff]
[    0.298304] pci 0000:00:01.1: legacy IDE quirk: reg 0x10: [io  0x01f0-0x01f7]
[    0.300004] pci 0000:00:01.1: legacy IDE quirk: reg 0x14: [io  0x03f6]
[    0.301372] pci 0000:00:01.1: legacy IDE quirk: reg 0x18: [io  0x0170-0x0177]
[    0.302831] pci 0000:00:01.1: legacy IDE quirk: reg 0x1c: [io  0x0376]
[    0.320910] pci 0000:00:07.0: quirk: [io  0x4000-0x403f] claimed by PIIX4 ACPI
[    0.322857] pci 0000:00:07.0: quirk: [io  0x4100-0x410f] claimed by PIIX4 SMB
[    0.342339] ACPI: PCI Interrupt Link [LNKA] (IRQs 5 9 10 *11)
[    0.344134] ACPI: PCI Interrupt Link [LNKB] (IRQs 5 9 *10 11)
[    0.345709] ACPI: PCI Interrupt Link [LNKC] (IRQs 5 *9 10 11)
[    0.347101] ACPI: PCI Interrupt Link [LNKD] (IRQs 5 9 10 *11)
[    0.348500] SCSI subsystem initialized
[    0.349890] pci 0000:00:02.0: vgaarb: setting as boot VGA device
[    0.351965] pci 0000:00:02.0: vgaarb: VGA device added: decodes=io+mem,owns=io+mem,locks=none
[    0.352009] pci 0000:00:02.0: vgaarb: bridge control possible
[    0.356003] vgaarb: loaded
[    0.356929] ACPI: bus type USB registered
[    0.358193] usbcore: registered new interface driver usbfs
[    0.360013] usbcore: registered new interface driver hub
[    0.361545] usbcore: registered new device driver usb
[    0.364048] EDAC MC: Ver: 3.0.0
[    0.365234] PCI: Using ACPI for IRQ routing
[    0.366747] NetLabel: Initializing
[    0.367565] NetLabel:  domain hash size = 128
[    0.368004] NetLabel:  protocols = UNLABELED CIPSOv4 CALIPSO
[    0.369158] NetLabel:  unlabeled traffic allowed by default
[    0.370383] clocksource: Switched to clocksource kvm-clock
[    0.382580] VFS: Disk quotas dquot_6.6.0
[    0.383843] VFS: Dquot-cache hash table entries: 512 (order 0, 4096 bytes)
[    0.385898] AppArmor: AppArmor Filesystem Enabled
[    0.387235] pnp: PnP ACPI init
[    0.389591] pnp: PnP ACPI: found 3 devices
[    0.396431] clocksource: acpi_pm: mask: 0xffffff max_cycles: 0xffffff, max_idle_ns: 2085701024 ns
[    0.399532] NET: Registered protocol family 2
[    0.400773] IP idents hash table entries: 16384 (order: 5, 131072 bytes)
[    0.402389] TCP established hash table entries: 8192 (order: 4, 65536 bytes)
[    0.403994] TCP bind hash table entries: 8192 (order: 5, 131072 bytes)
[    0.406310] TCP: Hash tables configured (established 8192 bind 8192)
[    0.407647] UDP hash table entries: 512 (order: 2, 16384 bytes)
[    0.410314] UDP-Lite hash table entries: 512 (order: 2, 16384 bytes)
[    0.412455] NET: Registered protocol family 1
[    0.413670] pci 0000:00:00.0: Limiting direct PCI/PCI transfers
[    0.416432] pci 0000:00:01.0: Activating ISA DMA hang workarounds
[    0.418339] pci 0000:00:02.0: Video device with shadowed ROM at [mem 0x000c0000-0x000dffff]
[    0.421031] Unpacking initramfs...
[    0.729165] Freeing initrd memory: 19528K
[    0.738583] clocksource: tsc: mask: 0xffffffffffffffff max_cycles: 0x2717880cafa, max_idle_ns: 440795252614 ns
[    0.741177] platform rtc_cmos: registered platform RTC device (no PNP device found)
[    0.743086] Scanning for low memory corruption every 60 seconds
[    0.745155] Initialise system trusted keyrings
[    0.746441] Key type blacklist registered
[    0.747737] workingset: timestamp_bits=36 max_order=18 bucket_order=0
[    0.750678] zbud: loaded
[    0.751881] squashfs: version 4.0 (2009/01/31) Phillip Lougher
[    0.753473] fuse init (API version 7.26)
[    0.755305] Key type asymmetric registered
[    0.756633] Asymmetric key parser 'x509' registered
[    0.758101] Block layer SCSI generic (bsg) driver version 0.4 loaded (major 246)
[    0.760196] io scheduler noop registered
[    0.761266] io scheduler deadline registered
[    0.762413] io scheduler cfq registered (default)
[    0.764347] ACPI: AC Adapter [AC] (off-line)
[    0.765736] input: Power Button as /devices/LNXSYSTM:00/LNXPWRBN:00/input/input0
[    0.767586] ACPI: Power Button [PWRF]
[    0.768727] input: Sleep Button as /devices/LNXSYSTM:00/LNXSLPBN:00/input/input1
[    0.770703] ACPI: Sleep Button [SLPF]
[    0.773046] ACPI: Battery Slot [BAT0] (battery present)
[    0.774531] Serial: 8250/16550 driver, 32 ports, IRQ sharing enabled
[    0.797963] 00:02: ttyS0 at I/O 0x3f8 (irq = 4, base_baud = 115200) is a 16550A
[    0.802670] Linux agpgart interface v0.103
[    0.805036] loop: module loaded
[    0.806503] scsi host0: ata_piix
[    0.807567] scsi host1: ata_piix
[    0.808789] ata1: PATA max UDMA/33 cmd 0x1f0 ctl 0x3f6 bmdma 0xd000 irq 14
[    0.810516] ata2: PATA max UDMA/33 cmd 0x170 ctl 0x376 bmdma 0xd008 irq 15
[    0.812615] tun: Universal TUN/TAP device driver, 1.6
[    0.813960] PPP generic driver version 2.4.2
[    0.815151] ehci_hcd: USB 2.0 'Enhanced' Host Controller (EHCI) Driver
[    0.816939] ehci-pci: EHCI PCI platform driver
[    0.818211] ehci-platform: EHCI generic platform driver
[    0.819667] ohci_hcd: USB 1.1 'Open' Host Controller (OHCI) Driver
[    0.821168] ohci-pci: OHCI PCI platform driver
[    0.822258] ohci-platform: OHCI generic platform driver
[    0.823525] uhci_hcd: USB Universal Host Controller Interface driver
[    0.825192] i8042: PNP: PS/2 Controller [PNP0303:PS2K,PNP0f03:PS2M] at 0x60,0x64 irq 1,12
[    0.827957] serio: i8042 KBD port at 0x60,0x64 irq 1
[    0.829488] serio: i8042 AUX port at 0x60,0x64 irq 12
[    0.830986] mousedev: PS/2 mouse device common for all mice
[    0.833549] input: AT Translated Set 2 keyboard as /devices/platform/i8042/serio0/input/input2
[    0.836549] rtc_cmos rtc_cmos: rtc core: registered rtc_cmos as rtc0
[    0.838590] rtc_cmos rtc_cmos: alarms up to one day, 114 bytes nvram
[    0.842895] i2c /dev entries driver
[    0.843963] device-mapper: uevent: version 1.0.3
[    0.845451] device-mapper: ioctl: 4.37.0-ioctl (2017-09-20) initialised: dm-devel@redhat.com
[    0.848487] ledtrig-cpu: registered to indicate activity on CPUs
[    0.850469] intel_pmc_core:  initialized
[    0.851795] NET: Registered protocol family 10
[    0.857297] Segment Routing with IPv6
[    0.858627] NET: Registered protocol family 17
[    0.862940] Key type dns_resolver registered
[    0.864780] mce: Using 0 MCE banks
[    0.866118] RAS: Correctable Errors collector initialized.
[    0.876081] sched_clock: Marking stable (875989253, 0)->(1120210539, -244221286)
[    0.878906] registered taskstats version 1
[    0.880862] Loading compiled-in X.509 certificates
[    0.886744] Loaded X.509 cert 'Build time autogenerated kernel key: b5b26778eaa3ab3a4a6cee031137706e947d12ad'
[    0.892127] Loaded X.509 cert 'Canonical Ltd. Live Patch Signing: 14df34d1a87cf37625abec039ef2bf521249b969'
[    0.898201] Loaded X.509 cert 'Canonical Ltd. Kernel Module Signing: 88f752e560a1e0737e31163a466ad7b70a850c19'
[    0.902413] blacklist: Loading compiled-in revocation X.509 certificates
[    0.905077] Loaded X.509 cert 'Canonical Ltd. Secure Boot Signing: 61482aa2830d0ab2ad5af10b7250da9033ddcef0'
[    0.909519] Loaded X.509 cert 'Canonical Ltd. Secure Boot Signing (2017): 242ade75ac4a15e50d50c84b0d45ff3eae707a03'
[    0.912576] Loaded X.509 cert 'Canonical Ltd. Secure Boot Signing (ESM 2018): 365188c1d374d6b07c3c8f240f8ef722433d6a8b'
[    0.918054] Loaded X.509 cert 'Canonical Ltd. Secure Boot Signing (2019): c0746fd6c5da3ae827864651ad66ae47fe24b3e8'
[    0.921975] Loaded X.509 cert 'Canonical Ltd. Secure Boot Signing (2021 v1): a8d54bbb3825cfb94fa13c9f8a594a195c107b8d'
[    0.927555] Loaded X.509 cert 'Canonical Ltd. Secure Boot Signing (2021 v2): 4cf046892d6fd3c9a5b03f98d845f90851dc6a8c'
[    0.932046] Loaded X.509 cert 'Canonical Ltd. Secure Boot Signing (2021 v3): 100437bb6de6e469b581e61cd66bce3ef4ed53af'
[    0.936502] Loaded X.509 cert 'Canonical Ltd. Secure Boot Signing (Ubuntu Core 2019): c1d57b8f6b743f23ee41f4f7ee292f06eecadfb9'
[    0.941299] zswap: loaded using pool lzo/zbud
[    0.946498] Key type big_key registered
[    0.948685] Key type trusted registered
[    0.952143] Key type encrypted registered
[    0.954124] AppArmor: AppArmor sha1 policy hashing enabled
[    0.957105] ima: No TPM chip found, activating TPM-bypass! (rc=-19)
[    0.959045] ima: Allocated hash algorithm: sha1
[    0.965281] evm: HMAC attrs: 0x1
[    0.966888]   Magic number: 11:831:483
[    0.967934] rtc_cmos rtc_cmos: setting system clock to 2023-10-20 13:27:01 UTC (1697808421)
[    0.971770] BIOS EDD facility v0.16 2004-Jun-25, 0 devices found
[    0.975324] EDD information not available.
[    1.006282] Freeing unused kernel image memory: 2480K
[    1.012037] Write protecting the kernel read-only data: 20480k
[    1.014415] Freeing unused kernel image memory: 2008K
[    1.016131] Freeing unused kernel image memory: 1820K
[    1.028516] x86/mm: Checked W+X mappings: passed, no W+X pages found.
[    1.030972] x86/mm: Checking user space page tables
[    1.045973] x86/mm: Checked W+X mappings: passed, no W+X pages found.
Loading, please wait...
starting version 237
[    1.175280] e1000: Intel(R) PRO/1000 Network Driver - version 7.3.21-k8-NAPI
[    1.177930] e1000: Copyright (c) 1999-2006 Intel Corporation.
[    1.189768] Fusion MPT base driver 3.04.20
[    1.190806] Copyright (c) 1999-2008 LSI Corporation
[    1.205641] Fusion MPT SPI Host driver 3.04.20
[    1.241552] AVX2 version of gcm_enc/dec engaged.
[    1.243087] AES CTR mode by8 optimization enabled
[    1.409016] input: ImExPS/2 Generic Explorer Mouse as /devices/platform/i8042/serio1/input/input4
[    1.649941] e1000 0000:00:03.0 eth0: (PCI:33MHz:32-bit) 02:3b:7b:b7:3b:2d
[    1.651503] e1000 0000:00:03.0 eth0: Intel(R) PRO/1000 Network Connection
[    1.654084] mptbase: ioc0: Initiating bringup
[    1.748537] ioc0: LSI53C1030 A0: Capabilities={Initiator}
[    1.991586] scsi host2: ioc0: LSI53C1030 A0, FwRev=00000000h, Ports=1, MaxQ=256, IRQ=20
[    2.160410] scsi 2:0:0:0: Direct-Access     VBOX     HARDDISK         1.0  PQ: 0 ANSI: 5
[    2.162527] scsi target2:0:0: Beginning Domain Validation
[    2.166625] scsi target2:0:0: Domain Validation skipping write tests
[    2.168199] scsi target2:0:0: Ending Domain Validation
[    2.169613] scsi target2:0:0: asynchronous
[    2.171003] scsi 2:0:1:0: Direct-Access     VBOX     HARDDISK         1.0  PQ: 0 ANSI: 5
[    2.173093] scsi target2:0:1: Beginning Domain Validation
[    2.175171] scsi target2:0:1: Domain Validation skipping write tests
[    2.176742] scsi target2:0:1: Ending Domain Validation
[    2.178089] scsi target2:0:1: asynchronous
[    2.183947] sd 2:0:0:0: [sda] 83886080 512-byte logical blocks: (42.9 GB/40.0 GiB)
[    2.186066] sd 2:0:0:0: [sda] Write Protect is off
[    2.187796] sd 2:0:0:0: Attached scsi generic sg0 type 0
[    2.191298] sd 2:0:0:0: [sda] Incomplete mode parameter data
[    2.192665] sd 2:0:0:0: [sda] Assuming drive cache: write through
[    2.195614] sd 2:0:1:0: [sdb] 20480 512-byte logical blocks: (10.5 MB/10.0 MiB)
[    2.197774]  sda: sda1
[    2.198996] sd 2:0:1:0: [sdb] Write Protect is off
[    2.204913] sd 2:0:1:0: Attached scsi generic sg1 type 0
[    2.206547] sd 2:0:1:0: [sdb] Incomplete mode parameter data
[    2.208126] sd 2:0:1:0: [sdb] Assuming drive cache: write through
[    2.210009] sd 2:0:0:0: [sda] Attached SCSI disk
[    2.236929] sd 2:0:1:0: [sdb] Attached SCSI disk
[    2.597861] e1000 0000:00:08.0 eth1: (PCI:33MHz:32-bit) 08:00:27:32:01:09
[    2.599820] e1000 0000:00:08.0 eth1: Intel(R) PRO/1000 Network Connection
[    2.994186] e1000 0000:00:09.0 eth2: (PCI:33MHz:32-bit) 08:00:27:53:d0:77
[    2.995848] e1000 0000:00:09.0 eth2: Intel(R) PRO/1000 Network Connection
[    3.406366] e1000 0000:00:0a.0 eth3: (PCI:33MHz:32-bit) 08:00:27:8f:06:5c
[    3.408403] e1000 0000:00:0a.0 eth3: Intel(R) PRO/1000 Network Connection
[    3.413249] e1000 0000:00:09.0 enp0s9: renamed from eth2
[    3.432863] e1000 0000:00:08.0 enp0s8: renamed from eth1
[    3.468680] e1000 0000:00:0a.0 enp0s10: renamed from eth3
[    3.505096] e1000 0000:00:03.0 enp0s3: renamed from eth0
Begin: Loading essential drivers ... [    5.102821] raid6: sse2x1   gen() 11446 MB/s
[    5.160097] raid6: sse2x1   xor()  7481 MB/s
[    5.225965] raid6: sse2x2   gen() 14494 MB/s
[    5.295299] raid6: sse2x2   xor() 10332 MB/s
[    5.361073] raid6: sse2x4   gen() 15044 MB/s
[    5.426331] raid6: sse2x4   xor()  8065 MB/s
[    5.494770] raid6: avx2x1   gen() 11138 MB/s
[    5.550931] raid6: avx2x1   xor() 12186 MB/s
[    5.616491] raid6: avx2x2   gen() 25342 MB/s
[    5.670840] raid6: avx2x2   xor() 15137 MB/s
[    5.736512] raid6: avx2x4   gen() 30415 MB/s
[    5.802233] raid6: avx2x4   xor() 19663 MB/s
[    5.803426] raid6: using algorithm avx2x4 gen() 30415 MB/s
[    5.804733] raid6: .... xor() 19663 MB/s, rmw enabled
[    5.805781] raid6: using avx2x2 recovery algorithm
[    5.809577] xor: automatically using best checksumming function   avx       
[    5.813437] async_tx: api initialized (async)
done.
Begin: Running /scripts/init-premount ... done.
Begin: Mounting root file system ... Begin: Running /scripts/local-top ... done.
Begin: Running /scripts/local-premount ... [    5.879464] Btrfs loaded, crc32c=crc32c-intel
Scanning for Btrfs filesystems
done.
Warning: fsck not present, so skipping root file system
[    5.919139] EXT4-fs (sda1): mounted filesystem with ordered data mode. Opts: (null)
done.
Begin: Running /scripts/local-bottom ... done.
Begin: Running /scripts/init-bottom ... done.
[    6.142096] ip_tables: (C) 2000-2006 Netfilter Core Team
[    6.157133] systemd[1]: systemd 237 running in system mode. (+PAM +AUDIT +SELINUX +IMA +APPARMOR +SMACK +SYSVINIT +UTMP +LIBCRYPTSETUP +GCRYPT +GNUTLS +ACL +XZ +LZ4 +SECCOMP +BLKID +ELFUTILS +KMOD -IDN2 +IDN -PCRE2 default-hierarchy=hybrid)
[    6.163180] systemd[1]: Detected virtualization oracle.
[    6.164623] systemd[1]: Detected architecture x86-64.

Welcome to [1mUbuntu 18.04.6 LTS[0m!

[    6.170334] systemd[1]: Set hostname to <ubuntu-bionic>.
[    6.516774] systemd[1]: Created slice System Slice.
[[0;32m  OK  [0m] Created slice System Slice.
[    6.528376] systemd[1]: Listening on udev Control Socket.
[[0;32m  OK  [0m] Listening on udev Control Socket.
[    6.533589] systemd[1]: Reached target User and Group Name Lookups.
[[0;32m  OK  [0m] Reached target User and Group Name Lookups.
[    6.537441] systemd[1]: Listening on Journal Socket.
[[0;32m  OK  [0m] Listening on Journal Socket.
[    6.542795] systemd[1]: Starting Load Kernel Modules...
         Starting Load Kernel Modules...
[    6.545346] systemd[1]: Reached target Swap.
[[0;32m  OK  [0m] Reached target Swap.
[[0;32m  OK  [0m] Listening on LVM2 metadata daemon socket.
         Starting Set the console keyboard layout...
         Mounting POSIX Message Queue File System...
[    6.565764] Loading iSCSI transport class v2.0-870.
         Mounting Kernel Debug File System...
[[0;32m  OK  [0m] Listening on Journal Audit Socket.
         Mounting Huge Pages File System...
         Starting Create list of required st…ce nodes for the current kernel...
[[0;32m  OK  [0m] Listening on Journal Socket (/dev/log).
[[0;32m  OK  [0m] Reached target Mounting snaps.
[    6.598433] iscsi: registered transport (tcp)
[[0;32m  OK  [0m] Reached target Mounted snaps.
         Starting Uncomplicated firewall...
[[0;32m  OK  [0m] Listening on Network Service Netlink Socket.
[[0;32m  OK  [0m] Listening on Syslog Socket.
         Starting Journal Service...
[[0;32m  OK  [0m] Set up automount Arbitrary Executab…rmats File System Automount Point.
[    6.670975] iscsi: registered transport (iser)
[[0;32m  OK  [0m] Created slice system-serial\x2dgetty.slice.
[[0;32m  OK  [0m] Listening on fsck to fsckd communication Socket.
         Starting File System Check on Root Device...
[[0;32m  OK  [0m] Listening on LVM2 poll daemon socket.
[[0;32m  OK  [0m] Reached target System Time Synchronized.
[[0;32m  OK  [0m] Listening on Device-mapper event daemon FIFOs.
         Starting Monitoring of LVM2 mirrors…ng dmeventd or progress polling...
[[0;32m  OK  [0m] Listening on /dev/initctl Compatibility Named Pipe.
[[0;32m  OK  [0m] Created slice User and Session Slice.
[[0;32m  OK  [0m] Reached target Slices.
[[0;32m  OK  [0m] Listening on udev Kernel Socket.
         Starting udev Coldplug all Devices...
[[0;32m  OK  [0m] Started Forward Password Requests to Wall Directory Watch.
[[0;32m  OK  [0m] Started Journal Service.
[[0;32m  OK  [0m] Started Load Kernel Modules.
[[0;32m  OK  [0m] Mounted POSIX Message Queue File System.
[[0;32m  OK  [0m] Mounted Kernel Debug File System.
[[0;32m  OK  [0m] Mounted Huge Pages File System.
[[0;32m  OK  [0m] Started Create list of required sta…vice nodes for the current kernel.
[[0;32m  OK  [0m] Started Uncomplicated firewall.
[[0;32m  OK  [0m] Started File System Check Daemon to report status.
         Starting Create Static Device Nodes in /dev...
         Starting Apply Kernel Variables...
         Mounting Kernel Configuration File System...
         Mounting FUSE Control File System...
[[0;32m  OK  [0m] Started LVM2 metadata daemon.
[[0;32m  OK  [0m] Mounted FUSE Control File System.
[[0;32m  OK  [0m] Mounted Kernel Configuration File System.
[[0;32m  OK  [0m] Started File System Check on Root Device.
         Starting Remount Root and Kernel File Systems...
[[0;32m  OK  [0m] Started Create Static Device Nodes in /dev.
[[0;32m  OK  [0m] Started Apply Kernel Variables.
[[0;32m  OK  [0m] Started Remount Root and Kernel File Systems.
         Starting Flush Journal to Persistent Storage...
         Starting udev Kernel Device Manager...
         Starting Load/Save Random Seed...
[[0;32m  OK  [0m] Started Load/Save Random Seed.
[[0;32m  OK  [0m] Started udev Kernel Device Manager.
[[0;32m  OK  [0m] Started udev Coldplug all Devices.
[[0;32m  OK  [0m] Started Monitoring of LVM2 mirrors,…sing dmeventd or progress polling.
[[0;32m  OK  [0m] Started Set the console keyboard layout.
[[0;32m  OK  [0m] Reached target Local File Systems (Pre).
[[0;32m  OK  [0m] Reached target Local File Systems.
         Starting AppArmor initialization...
         Starting Set console font and keymap...
         Starting ebtables ruleset management...
         Starting Tell Plymouth To Write Out Runtime Data...
[[0;32m  OK  [0m] Started Dispatch Password Requests to Console Directory Watch.
[[0;32m  OK  [0m] Reached target Local Encrypted Volumes.
[[0;32m  OK  [0m] Started Flush Journal to Persistent Storage.
         Starting Create Volatile Files and Directories...
[[0;32m  OK  [0m] Started Set console font and keymap.
[[0;32m  OK  [0m] Started Tell Plymouth To Write Out Runtime Data.
[[0;32m  OK  [0m] Started Create Volatile Files and Directories.
         Starting Update UTMP about System Boot/Shutdown...
[[0;32m  OK  [0m] Started Update UTMP about System Boot/Shutdown.
[[0;32m  OK  [0m] Started ebtables ruleset management.
[[0;32m  OK  [0m] Started AppArmor initialization.
         Starting Initial cloud-init job (pre-networking)...
         Starting Load AppArmor profiles managed internally by snapd...
         Mounting Arbitrary Executable File Formats File System...
[[0;32m  OK  [0m] Mounted Arbitrary Executable File Formats File System.
[[0;32m  OK  [0m] Started Load AppArmor profiles managed internally by snapd.
[[0;32m  OK  [0m] Found device /dev/ttyS0.
[[0;32m  OK  [0m] Listening on Load/Save RF Kill Switch Status /dev/rfkill Watch.
[    9.757564] cloud-init[511]: Cloud-init v. 23.1.2-0ubuntu0~18.04.1 running 'init-local' at Fri, 20 Oct 2023 13:27:09 +0000. Up 9.46 seconds.
[[0;32m  OK  [0m] Started Initial cloud-init job (pre-networking).
[[0;32m  OK  [0m] Reached target Network (Pre).
         Starting Network Service...
[[0;32m  OK  [0m] Started Network Service.
         Starting Network Name Resolution...
         Starting Wait for Network to be Configured...
[[0;32m  OK  [0m] Started Network Name Resolution.
[[0;32m  OK  [0m] Reached target Host and Network Name Lookups.
[[0;32m  OK  [0m] Reached target Network.
[[0;32m  OK  [0m] Started Wait for Network to be Configured.
         Starting Initial cloud-init job (metadata service crawler)...
[   13.316809] cloud-init[656]: Cloud-init v. 23.1.2-0ubuntu0~18.04.1 running 'init' at Fri, 20 Oct 2023 13:27:13 +0000. Up 12.94 seconds.
[   13.320272] cloud-init[656]: ci-info: +++++++++++++++++++++++++++++++++++++++Net device info++++++++++++++++++++++++++++++++++++++++
[   13.326246] cloud-init[656]: ci-info: +---------+-------+-----------------------------+---------------+--------+-------------------+
[   13.327992] cloud-init[656]: ci-info: |  Device |   Up  |           Address           |      Mask     | Scope  |     Hw-Address    |
[   13.332298] cloud-init[656]: ci-info: +---------+-------+-----------------------------+---------------+--------+-------------------+
[   13.335499] cloud-init[656]: ci-info: | enp0s10 | False |              .              |       .       |   .    | 08:00:27:8f:06:5c |
[   13.348325] cloud-init[656]: ci-info: |  enp0s3 |  True |          10.0.2.15          | 255.255.255.0 | global | 02:3b:7b:b7:3b:2d |
[   13.350288] cloud-init[656]: ci-info: |  enp0s3 |  True |  fe80::3b:7bff:feb7:3b2d/64 |       .       |  link  | 02:3b:7b:b7:3b:2d |
[   13.352167] cloud-init[656]: ci-info: |  enp0s8 |  True |        192.168.0.115        | 255.255.255.0 | global | 08:00:27:32:01:09 |
[   13.354834] cloud-init[656]: ci-info: |  enp0s8 |  True |  fe80::a00:27ff:fe32:109/64 |       .       |  link  | 08:00:27:32:01:09 |
[   13.357160] cloud-init[656]: ci-info: |  enp0s9 |  True |        192.168.56.102       | 255.255.255.0 | global | 08:00:27:53:d0:77 |
[   13.359405] cloud-init[656]: ci-info: |  enp0s9 |  True | fe80::a00:27ff:fe53:d077/64 |       .       |  link  | 08:00:27:53:d0:77 |
[   13.365245] cloud-init[656]: ci-info: |    lo   |  True |          127.0.0.1          |   255.0.0.0   |  host  |         .         |
[   13.369090] cloud-init[656]: ci-info: |    lo   |  True |           ::1/128           |       .       |  host  |         .         |
[   13.377388] cloud-init[656]: ci-info: +---------+-------+-----------------------------+---------------+--------+-------------------+
[   13.379641] cloud-init[656]: ci-info: ++++++++++++++++++++++++++++++Route IPv4 info+++++++++++++++++++++++++++++++
[   13.395988] cloud-init[656]: ci-info: +-------+--------------+-------------+-----------------+-----------+-------+
[   13.412100] cloud-init[656]: ci-info: | Route | Destination  |   Gateway   |     Genmask     | Interface | Flags |
[   13.425691] cloud-init[656]: ci-info: +-------+--------------+-------------+-----------------+-----------+-------+
[   13.437747] cloud-init[656]: ci-info: |   0   |   0.0.0.0    |   10.0.2.2  |     0.0.0.0     |   enp0s3  |   UG  |
[   13.456027] cloud-init[656]: ci-info: |   1   |   0.0.0.0    | 192.168.0.1 |     0.0.0.0     |   enp0s8  |   UG  |
[   13.469812] cloud-init[656]: ci-info: |   2   |   10.0.2.0   |   0.0.0.0   |  255.255.255.0  |   enp0s3  |   U   |
[   13.480371] cloud-init[656]: ci-info: |   3   |   10.0.2.2   |   0.0.0.0   | 255.255.255.255 |   enp0s3  |   UH  |
[   13.492234] cloud-init[656]: ci-info: |   4   | 192.168.0.0  |   0.0.0.0   |  255.255.255.0  |   enp0s8  |   U   |
[   13.494627] cloud-init[656]: ci-info: |   5   | 192.168.0.1  |   0.0.0.0   | 255.255.255.255 |   enp0s8  |   UH  |
[   13.508655] cloud-init[656]: ci-info: |   6   | 192.168.56.0 |   0.0.0.0   |  255.255.255.0  |   enp0s9  |   U   |
[   13.515571] cloud-init[656]: ci-info: +-------+--------------+-------------+-----------------+-----------+-------+
[   13.528608] cloud-init[656]: ci-info: +++++++++++++++++++Route IPv6 info+++++++++++++++++++
[   13.531008] cloud-init[656]: ci-info: +-------+-------------+---------+-----------+-------+
[   13.548242] cloud-init[656]: ci-info: | Route | Destination | Gateway | Interface | Flags |
[   13.560219] cloud-init[656]: ci-info: +-------+-------------+---------+-----------+-------+
[   13.562090] cloud-init[656]: ci-info: |   1   |  fe80::/64  |    ::   |   enp0s9  |   U   |
[   13.564161] cloud-init[656]: ci-info: |   2   |  fe80::/64  |    ::   |   enp0s3  |   U   |
[   13.567912] cloud-init[656]: ci-info: |   3   |  fe80::/64  |    ::   |   enp0s8  |   U   |
[   13.577257] cloud-init[656]: ci-info: |   5   |    local    |    ::   |   enp0s3  |   U   |
[   13.579537] cloud-init[656]: ci-info: |   6   |    local    |    ::   |   enp0s8  |   U   |
[   13.582066] cloud-init[656]: ci-info: |   7   |    local    |    ::   |   enp0s9  |   U   |
[   13.585750] cloud-init[656]: ci-info: |   8   |   ff00::/8  |    ::   |   enp0s9  |   U   |
[   13.597705] cloud-init[656]: ci-info: |   9   |   ff00::/8  |    ::   |   enp0s3  |   U   |
[   13.613451] cloud-init[656]: ci-info: |   10  |   ff00::/8  |    ::   |   enp0s8  |   U   |
[   13.620511] cloud-init[656]: ci-info: +-------+-------------+---------+-----------+-------+
[[0;32m  OK  [0m] Started Initial cloud-init job (metadata service crawler).
[[0;32m  OK  [0m] Reached target System Initialization.
[[0;32m  OK  [0m] Listening on cloud-init hotplug hook socket.
[[0;32m  OK  [0m] Listening on ACPID Listen Socket.
         Starting LXD - unix socket.
[[0;32m  OK  [0m] Started Ubuntu Advantage Timer for running repeated jobs.
[[0;32m  OK  [0m] Started Daily apt download activities.
[[0;32m  OK  [0m] Started Message of the Day.
[[0;32m  OK  [0m] Listening on Open-iSCSI iscsid Socket.
[[0;32m  OK  [0m] Started ACPI Events Check.
[[0;32m  OK  [0m] Reached target Paths.
         Starting Socket activation for snappy daemon.
[[0;32m  OK  [0m] Started Daily Cleanup of Temporary Directories.
[[0;32m  OK  [0m] Listening on D-Bus System Message Bus Socket.
[[0;32m  OK  [0m] Started Discard unused blocks once a week.
[[0;32m  OK  [0m] Listening on UUID daemon activation socket.
[[0;32m  OK  [0m] Started Daily apt upgrade and clean activities.
[[0;32m  OK  [0m] Reached target Timers.
[[0;32m  OK  [0m] Reached target Cloud-config availability.
[[0;32m  OK  [0m] Reached target Network is Online.
         Starting Availability of block devices...
[[0;32m  OK  [0m] Reached target Remote File Systems (Pre).
[[0;32m  OK  [0m] Reached target Remote File Systems.
[[0;32m  OK  [0m] Listening on LXD - unix socket.
[[0;32m  OK  [0m] Listening on Socket activation for snappy daemon.
[[0;32m  OK  [0m] Started Availability of block devices.
[[0;32m  OK  [0m] Reached target Sockets.
[[0;32m  OK  [0m] Reached target Basic System.
[[0;32m  OK  [0m] Started irqbalance daemon.
         Starting Permit User Sessions...
[[0;32m  OK  [0m] Started D-Bus System Message Bus.
         Starting Snap Daemon...
         Starting Virtualbox guest utils...
[[0;32m  OK  [0m] Started Regular background program processing daemon.
         Starting OpenBSD Secure Shell server...
         Starting System Logging Service...
[[0;32m  OK  [0m] Reached target Login Prompts (Pre).
         Starting Dispatcher daemon for systemd-networkd...
         Starting Login Service...
[[0;32m  OK  [0m] Started Deferred execution scheduler.
         Starting LSB: automatic crash report generation...
         Starting LSB: Record successful boot for GRUB...
         Starting Accounts Service...
[[0;32m  OK  [0m] Started FUSE filesystem for LXC.
         Starting LXD - container startup/shutdown...
[[0;32m  OK  [0m] Started System Logging Service.
[[0;32m  OK  [0m] Started Permit User Sessions.
[[0;32m  OK  [0m] Started OpenBSD Secure Shell server.
[[0;32m  OK  [0m] Started Login Service.
[[0;32m  OK  [0m] Started Unattended Upgrades Shutdown.
         Starting Hostname Service...
         Starting Hold until boot process finishes up...
         Starting Terminate Plymouth Boot Screen...
[[0;32m  OK  [0m] Started Hold until boot process finishes up.
         Starting Set console scheme...
[[0;32m  OK  [0m] Started Serial Getty on ttyS0.
[[0;32m  OK  [0m] Started Terminate Plymouth Boot Screen.
[[0;32m  OK  [0m] Started Set console scheme.
[[0;32m  OK  [0m] Created slice system-getty.slice.
[[0;32m  OK  [0m] Started Getty on tty1.
[[0;32m  OK  [0m] Reached target Login Prompts.
[[0;32m  OK  [0m] Created slice User Slice of vagrant.
         Starting Authorization Manager...
[[0;32m  OK  [0m] Started LSB: automatic crash report generation.
[[0;32m  OK  [0m] Started LSB: Record successful boot for GRUB.
[[0;32m  OK  [0m] Started LXD - container startup/shutdown.
[[0;32m  OK  [0m] Started Hostname Service.
[[0;32m  OK  [0m] Started Session 1 of user vagrant.
         Starting User Manager for UID 1000...
[[0;32m  OK  [0m] Started Authorization Manager.
[[0;32m  OK  [0m] Started Accounts Service.
[[0;32m  OK  [0m] Started Virtualbox guest utils.
[[0;32m  OK  [0m] Started Dispatcher daemon for systemd-networkd.
[[0;32m  OK  [0m] Started User Manager for UID 1000.
[[0;32m  OK  [0m] Started Snap Daemon.
         Starting Wait until snapd is fully seeded...
         Starting Time & Date Service...
[[0;32m  OK  [0m] Started Time & Date Service.
[[0;32m  OK  [0m] Started Wait until snapd is fully seeded.
         Starting Apply the settings specified in cloud-config...
[   17.535745] cloud-init[970]: Cloud-init v. 23.1.2-0ubuntu0~18.04.1 running 'modules:config' at Fri, 20 Oct 2023 13:27:17 +0000. Up 17.28 seconds.
[[0;32m  OK  [0m] Started Apply the settings specified in cloud-config.
[[0;32m  OK  [0m] Reached target Multi-User System.
[[0;32m  OK  [0m] Reached target Graphical Interface.
         Starting Update UTMP about System Runlevel Changes...
         Starting Execute cloud user/final scripts...
[[0;32m  OK  [0m] Started Update UTMP about System Runlevel Changes.
[   18.895287] cloud-init[1083]: Cloud-init v. 23.1.2-0ubuntu0~18.04.1 running 'modules:final' at Fri, 20 Oct 2023 13:27:19 +0000. Up 18.52 seconds.
[   18.898021] cloud-init[1083]: Cloud-init v. 23.1.2-0ubuntu0~18.04.1 finished at Fri, 20 Oct 2023 13:27:19 +0000. Datasource DataSourceNoCloud [seed=/dev/sdb][dsmode=net].  Up 18.86 seconds
[[0;32m  OK  [0m] Started Execute cloud user/final scripts.
[[0;32m  OK  [0m] Reached target Cloud-init target.

Ubuntu 18.04.6 LTS ubuntu-bionic ttyS0

ubuntu-bionic login: 